 
Загрузка библиотеки Web_Clnt.dll 24.04.2024 10:09:51
Имя исполняемого модуля Web-сервера: C:\Program Files (x86)\Kaskad\Sambar\bin\server.exe
Имя модуля библиотеки: C:\PROGRAM FILES (X86)\KASKAD\SAMBAR\DOCS\KASKAD\WEB_CLNT.DLL
Имя компьютера : TECHSITE6
Адрес : techsite6
 
Начинается инициализация...
Считываем конфигурацию из файла: C:\PROGRAM FILES (X86)\KASKAD\SAMBAR\DOCS\KASKAD\WEB_CLNT.ini
Путь к проекту: C:\Program Files (x86)\Kaskad\Projects\KVisionDemoProject\kaskad.kpr
Путь к исполняемым файлам SCADA-системы: C:\Program Files (x86)\Kaskad\Bin\
Успешная загрузка C:\Program Files (x86)\Kaskad\Bin\PasspSel.dll
Успешная загрузка C:\Program Files (x86)\Kaskad\Bin\DASrvClnt.dll
Инициализация завершена...

==================================
 
Загрузка библиотеки Web_Clnt.dll 24.04.2024 12:07:55
Имя исполняемого модуля Web-сервера: C:\Program Files (x86)\Kaskad\Sambar\bin\server.exe
Имя модуля библиотеки: C:\PROGRAM FILES (X86)\KASKAD\SAMBAR\DOCS\KASKAD\WEB_CLNT.DLL
Имя компьютера : TECHSITE6
Адрес : techsite6
 
Начинается инициализация...
Считываем конфигурацию из файла: C:\PROGRAM FILES (X86)\KASKAD\SAMBAR\DOCS\KASKAD\WEB_CLNT.ini
Путь к проекту: C:\Program Files (x86)\Kaskad\Projects\KVisionDemoProject\kaskad.kpr
Путь к исполняемым файлам SCADA-системы: C:\Program Files (x86)\Kaskad\Bin\
Успешная загрузка C:\Program Files (x86)\Kaskad\Bin\PasspSel.dll
Успешная загрузка C:\Program Files (x86)\Kaskad\Bin\DASrvClnt.dll
Инициализация завершена...

==================================
 
Загрузка библиотеки Web_Clnt.dll 24.04.2024 12:14:20
Имя исполняемого модуля Web-сервера: C:\Program Files (x86)\Kaskad\Sambar\bin\server.exe
Имя модуля библиотеки: C:\PROGRAM FILES (X86)\KASKAD\SAMBAR\DOCS\KASKAD\WEB_CLNT.DLL
Имя компьютера : TECHSITE6
Адрес : techsite6
 
Начинается инициализация...
Считываем конфигурацию из файла: C:\PROGRAM FILES (X86)\KASKAD\SAMBAR\DOCS\KASKAD\WEB_CLNT.ini
Путь к проекту: C:\Program Files (x86)\Kaskad\Projects\KVisionDemoProject\kaskad.kpr
Путь к исполняемым файлам SCADA-системы: C:\Program Files (x86)\Kaskad\Bin\
Успешная загрузка C:\Program Files (x86)\Kaskad\Bin\PasspSel.dll
Успешная загрузка C:\Program Files (x86)\Kaskad\Bin\DASrvClnt.dll
Инициализация завершена...

==================================
 
Загрузка библиотеки Web_Clnt.dll 24.04.2024 12:34:14
Имя исполняемого модуля Web-сервера: C:\Program Files (x86)\Kaskad\Sambar\bin\server.exe
Имя модуля библиотеки: C:\PROGRAM FILES (X86)\KASKAD\SAMBAR\DOCS\KASKAD\WEB_CLNT.DLL
Имя компьютера : TECHSITE6
Адрес : techsite6
 
Начинается инициализация...
Считываем конфигурацию из файла: C:\PROGRAM FILES (X86)\KASKAD\SAMBAR\DOCS\KASKAD\WEB_CLNT.ini
Путь к проекту: C:\Program Files (x86)\Kaskad\Projects\KVisionDemoProject\kaskad.kpr
Путь к исполняемым файлам SCADA-системы: C:\Program Files (x86)\Kaskad\Bin\
Успешная загрузка C:\Program Files (x86)\Kaskad\Bin\PasspSel.dll
Успешная загрузка C:\Program Files (x86)\Kaskad\Bin\DASrvClnt.dll
Инициализация завершена...

==================================
 
Загрузка библиотеки Web_Clnt.dll 24.04.2024 12:47:37
Имя исполняемого модуля Web-сервера: C:\Program Files (x86)\Kaskad\Sambar\bin\server.exe
Имя модуля библиотеки: C:\PROGRAM FILES (X86)\KASKAD\SAMBAR\DOCS\KASKAD\WEB_CLNT.DLL
Имя компьютера : TECHSITE6
Адрес : techsite6
 
Начинается инициализация...
Считываем конфигурацию из файла: C:\PROGRAM FILES (X86)\KASKAD\SAMBAR\DOCS\KASKAD\WEB_CLNT.ini
Путь к проекту: C:\Program Files (x86)\Kaskad\Projects\KVisionDemoProject\kaskad.kpr
Путь к исполняемым файлам SCADA-системы: C:\Program Files (x86)\Kaskad\Bin\
Успешная загрузка C:\Program Files (x86)\Kaskad\Bin\PasspSel.dll
Успешная загрузка C:\Program Files (x86)\Kaskad\Bin\DASrvClnt.dll
Инициализация завершена...

==================================
 
Загрузка библиотеки Web_Clnt.dll 24.04.2024 12:58:55
Имя исполняемого модуля Web-сервера: C:\Program Files (x86)\Kaskad\Sambar\bin\server.exe
Имя модуля библиотеки: C:\PROGRAM FILES (X86)\KASKAD\SAMBAR\DOCS\KASKAD\WEB_CLNT.DLL
Имя компьютера : TECHSITE6
Адрес : techsite6
 
Начинается инициализация...
Считываем конфигурацию из файла: C:\PROGRAM FILES (X86)\KASKAD\SAMBAR\DOCS\KASKAD\WEB_CLNT.ini
Путь к проекту: C:\Program Files (x86)\Kaskad\Projects\KVisionDemoProject\kaskad.kpr
Путь к исполняемым файлам SCADA-системы: C:\Program Files (x86)\Kaskad\Bin\
Успешная загрузка C:\Program Files (x86)\Kaskad\Bin\PasspSel.dll
Успешная загрузка C:\Program Files (x86)\Kaskad\Bin\DASrvClnt.dll
Инициализация завершена...

==================================
 
Загрузка библиотеки Web_Clnt.dll 24.04.2024 13:10:38
Имя исполняемого модуля Web-сервера: C:\Program Files (x86)\Kaskad\Sambar\bin\server.exe
Имя модуля библиотеки: C:\PROGRAM FILES (X86)\KASKAD\SAMBAR\DOCS\KASKAD\WEB_CLNT.DLL
Имя компьютера : TECHSITE6
Адрес : techsite6
 
Начинается инициализация...
Считываем конфигурацию из файла: C:\PROGRAM FILES (X86)\KASKAD\SAMBAR\DOCS\KASKAD\WEB_CLNT.ini
Путь к проекту: C:\Program Files (x86)\Kaskad\Projects\KVisionDemoProject\kaskad.kpr
Путь к исполняемым файлам SCADA-системы: C:\Program Files (x86)\Kaskad\Bin\
Успешная загрузка C:\Program Files (x86)\Kaskad\Bin\PasspSel.dll
Успешная загрузка C:\Program Files (x86)\Kaskad\Bin\DASrvClnt.dll
Инициализация завершена...

==================================
 
Загрузка библиотеки Web_Clnt.dll 25.04.2024 8:32:56
Имя исполняемого модуля Web-сервера: C:\Program Files (x86)\Kaskad\Sambar\bin\server.exe
Имя модуля библиотеки: C:\PROGRAM FILES (X86)\KASKAD\SAMBAR\DOCS\KASKAD\WEB_CLNT.DLL
Имя компьютера : TECHSITE6
Адрес : techsite6
 
Начинается инициализация...
Считываем конфигурацию из файла: C:\PROGRAM FILES (X86)\KASKAD\SAMBAR\DOCS\KASKAD\WEB_CLNT.ini
Путь к проекту: C:\Program Files (x86)\Kaskad\Projects\KVisionDemoProject\kaskad.kpr
Путь к исполняемым файлам SCADA-системы: C:\Program Files (x86)\Kaskad\Bin\
Успешная загрузка C:\Program Files (x86)\Kaskad\Bin\PasspSel.dll
Успешная загрузка C:\Program Files (x86)\Kaskad\Bin\DASrvClnt.dll
Инициализация завершена...

==================================
 
Загрузка библиотеки Web_Clnt.dll 25.04.2024 12:09:08
Имя исполняемого модуля Web-сервера: C:\Program Files (x86)\Kaskad\Sambar\bin\server.exe
Имя модуля библиотеки: C:\PROGRAM FILES (X86)\KASKAD\SAMBAR\DOCS\KASKAD\WEB_CLNT.DLL
Имя компьютера : TECHSITE6
Адрес : Techsite6
 
Начинается инициализация...
Считываем конфигурацию из файла: C:\PROGRAM FILES (X86)\KASKAD\SAMBAR\DOCS\KASKAD\WEB_CLNT.ini
Путь к проекту: C:\Program Files (x86)\Kaskad\Projects\KVisionDemoProject\kaskad.kpr
Путь к исполняемым файлам SCADA-системы: C:\Program Files (x86)\Kaskad\Bin\
Успешная загрузка C:\Program Files (x86)\Kaskad\Bin\PasspSel.dll
Успешная загрузка C:\Program Files (x86)\Kaskad\Bin\DASrvClnt.dll
Инициализация завершена...

==================================
 
Загрузка библиотеки Web_Clnt.dll 25.04.2024 12:26:08
Имя исполняемого модуля Web-сервера: C:\Program Files (x86)\Kaskad\Sambar\bin\server.exe
Имя модуля библиотеки: C:\PROGRAM FILES (X86)\KASKAD\SAMBAR\DOCS\KASKAD\WEB_CLNT.DLL
Имя компьютера : TECHSITE6
Адрес : Techsite6
 
Начинается инициализация...
Считываем конфигурацию из файла: C:\PROGRAM FILES (X86)\KASKAD\SAMBAR\DOCS\KASKAD\WEB_CLNT.ini
Путь к проекту: C:\Program Files (x86)\Kaskad\Projects\KVisionDemoProject\kaskad.kpr
Путь к исполняемым файлам SCADA-системы: C:\Program Files (x86)\Kaskad\Bin\
Успешная загрузка C:\Program Files (x86)\Kaskad\Bin\PasspSel.dll
Успешная загрузка C:\Program Files (x86)\Kaskad\Bin\DASrvClnt.dll
Инициализация завершена...

==================================
 
Загрузка библиотеки Web_Clnt.dll 16.05.2024 8:01:06
Имя исполняемого модуля Web-сервера: C:\Program Files (x86)\Kaskad\Sambar\bin\server.exe
Имя модуля библиотеки: C:\PROGRAM FILES (X86)\KASKAD\SAMBAR\DOCS\KASKAD\WEB_CLNT.DLL
Имя компьютера : TECHSITE6
Адрес : Techsite6
 
Начинается инициализация...
Считываем конфигурацию из файла: C:\PROGRAM FILES (X86)\KASKAD\SAMBAR\DOCS\KASKAD\WEB_CLNT.ini
Путь к проекту: C:\Program Files (x86)\Kaskad\Projects\KVisionDemoProject\kaskad.kpr
Путь к исполняемым файлам SCADA-системы: C:\Program Files (x86)\Kaskad\Bin\
Успешная загрузка C:\Program Files (x86)\Kaskad\Bin\PasspSel.dll
Успешная загрузка C:\Program Files (x86)\Kaskad\Bin\DASrvClnt.dll
Инициализация завершена...

==================================
 
Загрузка библиотеки Web_Clnt.dll 24.05.2024 11:17:45
Имя исполняемого модуля Web-сервера: C:\Program Files (x86)\Kaskad\Sambar\bin\server.exe
Имя модуля библиотеки: C:\PROGRAM FILES (X86)\KASKAD\SAMBAR\DOCS\KASKAD\WEB_CLNT.DLL
Имя компьютера : TECHSITE6
Адрес : Techsite6
 
Начинается инициализация...
Считываем конфигурацию из файла: C:\PROGRAM FILES (X86)\KASKAD\SAMBAR\DOCS\KASKAD\WEB_CLNT.ini
Путь к проекту: C:\Program Files (x86)\Kaskad\Projects\KVisionDemoProject\kaskad.kpr
Путь к исполняемым файлам SCADA-системы: C:\Program Files (x86)\Kaskad\Bin\
Успешная загрузка C:\Program Files (x86)\Kaskad\Bin\PasspSel.dll
Успешная загрузка C:\Program Files (x86)\Kaskad\Bin\DASrvClnt.dll
Инициализация завершена...

==================================
 
Загрузка библиотеки Web_Clnt.dll 26.05.2024 11:05:47
Имя исполняемого модуля Web-сервера: C:\Program Files (x86)\Kaskad\Sambar\bin\server.exe
Имя модуля библиотеки: C:\PROGRAM FILES (X86)\KASKAD\SAMBAR\DOCS\KASKAD\WEB_CLNT.DLL
Имя компьютера : TECHSITE6
Адрес : Techsite6
 
Начинается инициализация...
Считываем конфигурацию из файла: C:\PROGRAM FILES (X86)\KASKAD\SAMBAR\DOCS\KASKAD\WEB_CLNT.ini
Путь к проекту: C:\Program Files (x86)\Kaskad\Projects\KVisionDemoProject\kaskad.kpr
Путь к исполняемым файлам SCADA-системы: C:\Program Files (x86)\Kaskad\Bin\
Успешная загрузка C:\Program Files (x86)\Kaskad\Bin\PasspSel.dll
Успешная загрузка C:\Program Files (x86)\Kaskad\Bin\DASrvClnt.dll
Инициализация завершена...

==================================
 
Загрузка библиотеки Web_Clnt.dll 13.06.2024 7:53:29
Имя исполняемого модуля Web-сервера: C:\Program Files (x86)\Kaskad\Sambar\bin\server.exe
Имя модуля библиотеки: C:\PROGRAM FILES (X86)\KASKAD\SAMBAR\DOCS\KASKAD\WEB_CLNT.DLL
Имя компьютера : TECHSITE6
Адрес : Techsite6
 
Начинается инициализация...
Считываем конфигурацию из файла: C:\PROGRAM FILES (X86)\KASKAD\SAMBAR\DOCS\KASKAD\WEB_CLNT.ini
Путь к проекту: C:\Program Files (x86)\Kaskad\Projects\KVisionDemoProject\kaskad.kpr
Путь к исполняемым файлам SCADA-системы: C:\Program Files (x86)\Kaskad\Bin\
Успешная загрузка C:\Program Files (x86)\Kaskad\Bin\PasspSel.dll
Успешная загрузка C:\Program Files (x86)\Kaskad\Bin\DASrvClnt.dll
Инициализация завершена...

==================================
 
Загрузка библиотеки Web_Clnt.dll 22.06.2024 14:02:43
Имя исполняемого модуля Web-сервера: C:\Program Files (x86)\Kaskad\Sambar\bin\server.exe
Имя модуля библиотеки: C:\PROGRAM FILES (X86)\KASKAD\SAMBAR\DOCS\KASKAD\WEB_CLNT.DLL
Имя компьютера : TECHSITE6
Адрес : Techsite6
 
Начинается инициализация...
Считываем конфигурацию из файла: C:\PROGRAM FILES (X86)\KASKAD\SAMBAR\DOCS\KASKAD\WEB_CLNT.ini
Путь к проекту: C:\Program Files (x86)\Kaskad\Projects\KVisionDemoProject\kaskad.kpr
Путь к исполняемым файлам SCADA-системы: C:\Program Files (x86)\Kaskad\Bin\
Успешная загрузка C:\Program Files (x86)\Kaskad\Bin\PasspSel.dll
Успешная загрузка C:\Program Files (x86)\Kaskad\Bin\DASrvClnt.dll
Инициализация завершена...

==================================
 
Загрузка библиотеки Web_Clnt.dll 10.07.2024 16:46:06
Имя исполняемого модуля Web-сервера: C:\Program Files (x86)\Kaskad\Sambar\bin\server.exe
Имя модуля библиотеки: C:\PROGRAM FILES (X86)\KASKAD\SAMBAR\DOCS\KASKAD\WEB_CLNT.DLL
Имя компьютера : TECHSITE6
Адрес : Techsite6
 
Начинается инициализация...
Считываем конфигурацию из файла: C:\PROGRAM FILES (X86)\KASKAD\SAMBAR\DOCS\KASKAD\WEB_CLNT.ini
Путь к проекту: C:\Program Files (x86)\Kaskad\Projects\KVisionDemoProject\kaskad.kpr
Путь к исполняемым файлам SCADA-системы: C:\Program Files (x86)\Kaskad\Bin\
Успешная загрузка C:\Program Files (x86)\Kaskad\Bin\PasspSel.dll
Успешная загрузка C:\Program Files (x86)\Kaskad\Bin\DASrvClnt.dll
Инициализация завершена...

==================================
 
Загрузка библиотеки Web_Clnt.dll 15.08.2024 13:23:34
Имя исполняемого модуля Web-сервера: C:\Program Files (x86)\Kaskad\Sambar\bin\server.exe
Имя модуля библиотеки: C:\PROGRAM FILES (X86)\KASKAD\SAMBAR\DOCS\KASKAD\WEB_CLNT.DLL
Имя компьютера : TECHSITE6
Адрес : Techsite6
 
Начинается инициализация...
Считываем конфигурацию из файла: C:\PROGRAM FILES (X86)\KASKAD\SAMBAR\DOCS\KASKAD\WEB_CLNT.ini
Путь к проекту: C:\Program Files (x86)\Kaskad\Projects\KVisionDemoProject\kaskad.kpr
Путь к исполняемым файлам SCADA-системы: C:\Program Files (x86)\Kaskad\Bin\
Успешная загрузка C:\Program Files (x86)\Kaskad\Bin\PasspSel.dll
Успешная загрузка C:\Program Files (x86)\Kaskad\Bin\DASrvClnt.dll
Инициализация завершена...

==================================
 
Загрузка библиотеки Web_Clnt.dll 21.08.2024 14:51:35
Имя исполняемого модуля Web-сервера: C:\Program Files (x86)\Kaskad\Sambar\bin\server.exe
Имя модуля библиотеки: C:\PROGRAM FILES (X86)\KASKAD\SAMBAR\DOCS\KASKAD\WEB_CLNT.DLL
Имя компьютера : TECHSITE6
Адрес : Techsite6
 
Начинается инициализация...
Считываем конфигурацию из файла: C:\PROGRAM FILES (X86)\KASKAD\SAMBAR\DOCS\KASKAD\WEB_CLNT.ini
Путь к проекту: C:\Program Files (x86)\Kaskad\Projects\KVisionDemoProject\kaskad.kpr
Путь к исполняемым файлам SCADA-системы: C:\Program Files (x86)\Kaskad\Bin\
Успешная загрузка C:\Program Files (x86)\Kaskad\Bin\PasspSel.dll
Успешная загрузка C:\Program Files (x86)\Kaskad\Bin\DASrvClnt.dll
Инициализация завершена...

==================================
 
Загрузка библиотеки Web_Clnt.dll 16.09.2024 8:00:48
Имя исполняемого модуля Web-сервера: C:\Program Files (x86)\Kaskad\Sambar\bin\server.exe
Имя модуля библиотеки: C:\PROGRAM FILES (X86)\KASKAD\SAMBAR\DOCS\KASKAD\WEB_CLNT.DLL
Имя компьютера : TECHSITE6
Адрес : Techsite6
 
Начинается инициализация...
Считываем конфигурацию из файла: C:\PROGRAM FILES (X86)\KASKAD\SAMBAR\DOCS\KASKAD\WEB_CLNT.ini
Путь к проекту: C:\Program Files (x86)\Kaskad\Projects\KVisionDemoProject\kaskad.kpr
Путь к исполняемым файлам SCADA-системы: C:\Program Files (x86)\Kaskad\Bin\
Успешная загрузка C:\Program Files (x86)\Kaskad\Bin\PasspSel.dll
Успешная загрузка C:\Program Files (x86)\Kaskad\Bin\DASrvClnt.dll
Инициализация завершена...

==================================
 
Загрузка библиотеки Web_Clnt.dll 21.09.2024 0:29:58
Имя исполняемого модуля Web-сервера: C:\Program Files (x86)\Kaskad\Sambar\bin\server.exe
Имя модуля библиотеки: C:\PROGRAM FILES (X86)\KASKAD\SAMBAR\DOCS\KASKAD\WEB_CLNT.DLL
Имя компьютера : TECHSITE6
Адрес : Techsite6
 
Начинается инициализация...
Считываем конфигурацию из файла: C:\PROGRAM FILES (X86)\KASKAD\SAMBAR\DOCS\KASKAD\WEB_CLNT.ini
Путь к проекту: C:\Program Files (x86)\Kaskad\Projects\KVisionDemoProject\kaskad.kpr
Путь к исполняемым файлам SCADA-системы: C:\Program Files (x86)\Kaskad\Bin\
Успешная загрузка C:\Program Files (x86)\Kaskad\Bin\PasspSel.dll
Успешная загрузка C:\Program Files (x86)\Kaskad\Bin\DASrvClnt.dll
Инициализация завершена...

==================================
 
Загрузка библиотеки Web_Clnt.dll 09.10.2024 6:08:49
Имя исполняемого модуля Web-сервера: C:\Program Files (x86)\Kaskad\Sambar\bin\server.exe
Имя модуля библиотеки: C:\PROGRAM FILES (X86)\KASKAD\SAMBAR\DOCS\KASKAD\WEB_CLNT.DLL
Имя компьютера : TECHSITE6
Адрес : Techsite6
 
Начинается инициализация...
Считываем конфигурацию из файла: C:\PROGRAM FILES (X86)\KASKAD\SAMBAR\DOCS\KASKAD\WEB_CLNT.ini
Путь к проекту: C:\Program Files (x86)\Kaskad\Projects\KVisionDemoProject\kaskad.kpr
Путь к исполняемым файлам SCADA-системы: C:\Program Files (x86)\Kaskad\Bin\
Успешная загрузка C:\Program Files (x86)\Kaskad\Bin\PasspSel.dll
Успешная загрузка C:\Program Files (x86)\Kaskad\Bin\DASrvClnt.dll
Инициализация завершена...

==================================
 
Загрузка библиотеки Web_Clnt.dll 15.11.2024 8:50:52
Имя исполняемого модуля Web-сервера: C:\Program Files (x86)\Kaskad\Sambar\bin\server.exe
Имя модуля библиотеки: C:\PROGRAM FILES (X86)\KASKAD\SAMBAR\DOCS\KASKAD\WEB_CLNT.DLL
Имя компьютера : TECHSITE6
Адрес : Techsite6
 
Начинается инициализация...
Считываем конфигурацию из файла: C:\PROGRAM FILES (X86)\KASKAD\SAMBAR\DOCS\KASKAD\WEB_CLNT.ini
Путь к проекту: C:\Program Files (x86)\Kaskad\Projects\KVisionDemoProject\kaskad.kpr
Путь к исполняемым файлам SCADA-системы: C:\Program Files (x86)\Kaskad\Bin\
Успешная загрузка C:\Program Files (x86)\Kaskad\Bin\PasspSel.dll
Успешная загрузка C:\Program Files (x86)\Kaskad\Bin\DASrvClnt.dll
Инициализация завершена...

==================================
 
Загрузка библиотеки Web_Clnt.dll 16.11.2024 15:36:23
Имя исполняемого модуля Web-сервера: C:\Program Files (x86)\Kaskad\Sambar\bin\server.exe
Имя модуля библиотеки: C:\PROGRAM FILES (X86)\KASKAD\SAMBAR\DOCS\KASKAD\WEB_CLNT.DLL
Имя компьютера : TECHSITE6
Адрес : Techsite6
 
Начинается инициализация...
Считываем конфигурацию из файла: C:\PROGRAM FILES (X86)\KASKAD\SAMBAR\DOCS\KASKAD\WEB_CLNT.ini
Путь к проекту: C:\Program Files (x86)\Kaskad\Projects\KVisionDemoProject\kaskad.kpr
Путь к исполняемым файлам SCADA-системы: C:\Program Files (x86)\Kaskad\Bin\
Успешная загрузка C:\Program Files (x86)\Kaskad\Bin\PasspSel.dll
Успешная загрузка C:\Program Files (x86)\Kaskad\Bin\DASrvClnt.dll
Инициализация завершена...

==================================
 
Загрузка библиотеки Web_Clnt.dll 21.11.2024 8:43:01
Имя исполняемого модуля Web-сервера: C:\Program Files (x86)\Kaskad\Sambar\bin\server.exe
Имя модуля библиотеки: C:\PROGRAM FILES (X86)\KASKAD\SAMBAR\DOCS\KASKAD\WEB_CLNT.DLL
Имя компьютера : TECHSITE6
Адрес : Techsite6
 
Начинается инициализация...
Считываем конфигурацию из файла: C:\PROGRAM FILES (X86)\KASKAD\SAMBAR\DOCS\KASKAD\WEB_CLNT.ini
Путь к проекту: C:\Program Files (x86)\Kaskad\Projects\KVisionDemoProject\kaskad.kpr
Путь к исполняемым файлам SCADA-системы: C:\Program Files (x86)\Kaskad\Bin\
Успешная загрузка C:\Program Files (x86)\Kaskad\Bin\PasspSel.dll
Успешная загрузка C:\Program Files (x86)\Kaskad\Bin\DASrvClnt.dll
Инициализация завершена...

==================================
 
Загрузка библиотеки Web_Clnt.dll 11.12.2024 4:25:51
Имя исполняемого модуля Web-сервера: C:\Program Files (x86)\Kaskad\Sambar\bin\server.exe
Имя модуля библиотеки: C:\PROGRAM FILES (X86)\KASKAD\SAMBAR\DOCS\KASKAD\WEB_CLNT.DLL
Имя компьютера : TECHSITE6
Адрес : Techsite6
 
Начинается инициализация...
Считываем конфигурацию из файла: C:\PROGRAM FILES (X86)\KASKAD\SAMBAR\DOCS\KASKAD\WEB_CLNT.ini
Путь к проекту: C:\Program Files (x86)\Kaskad\Projects\KVisionDemoProject\kaskad.kpr
Путь к исполняемым файлам SCADA-системы: C:\Program Files (x86)\Kaskad\Bin\
Успешная загрузка C:\Program Files (x86)\Kaskad\Bin\PasspSel.dll
Успешная загрузка C:\Program Files (x86)\Kaskad\Bin\DASrvClnt.dll
Инициализация завершена...

==================================
